
> sprazo-nextjs@0.1.0 build
> next build

⚠ Warning: Next.js inferred your workspace root, but it may not be correct.
 We detected multiple lockfiles and selected the directory of C:\Users\thaibao\package-lock.json as the root directory.
 To silence this warning, set `turbopack.root` in your Next.js config, or consider removing one of the lockfiles if it's not needed.
   See https://nextjs.org/docs/app/api-reference/config/next-config-js/turbopack#root-directory for more information.
 Detected additional lockfiles: 
   * C:\Users\thaibao\Documents\crawlerwebsite\sprazo-nextjs\package-lock.json
   * C:\Users\thaibao\Documents\crawlerwebsite\package-lock.json

▲ Next.js 16.1.6 (Turbopack)

  Creating an optimized production build ...

> Build error occurred
Error: Turbopack build failed with 9 errors:
./Documents/crawlerwebsite/sprazo-nextjs/src/styles/demo-2.css:1559:81
Parsing CSS source code failed
  1557 |   font-weight: 500;
  1558 | }
> 1559 | .sp-header-2 .sp-mobile-menu .sp-menu-inner .sp-menu-content ul li a:last-child() {
       |                                                                                 ^
  1560 |   margin-bottom: 0;
  1561 | }
  1562 | .sp-header-2 .sp-mobile-menu .sp-menu-inner .sp-menu-content ul li .menu-toggle {

'last-child' is not recognized as a valid pseudo-class. Did you mean '::last-child' (pseudo-element) or is this a typo?

Import trace:
  Client Component Browser:
    ./Documents/crawlerwebsite/sprazo-nextjs/src/styles/demo-2.css [Client Component Browser]
    ./Documents/crawlerwebsite/sprazo-nextjs/src/app/layout.js [Server Component]


./Documents/crawlerwebsite/sprazo-nextjs/src/styles/style.css:2524:79
Parsing CSS source code failed
  2522 |   font-weight: 500;
  2523 | }
> 2524 | .sp-header .sp-mobile-menu .sp-menu-inner .sp-menu-content ul li a:last-child() {
       |                                                                               ^
  2525 |   margin-bottom: 0;
  2526 | }
  2527 | .sp-header .sp-mobile-menu .sp-menu-inner .sp-menu-content ul li .menu-toggle {

'last-child' is not recognized as a valid pseudo-class. Did you mean '::last-child' (pseudo-element) or is this a typo?

Import trace:
  Client Component Browser:
    ./Documents/crawlerwebsite/sprazo-nextjs/src/styles/style.css [Client Component Browser]
    ./Documents/crawlerwebsite/sprazo-nextjs/src/app/layout.js [Server Component]


./Documents/crawlerwebsite/sprazo-nextjs/src/styles/remixicon.css:4:9
Module not found: Can't resolve '../fonts/remixicon.eot'
  2 |   font-family: "remixicon";
  3 |   src: url("../fonts/remixicon.eot"); /* IE9*/
> 4 |   src: url("../fonts/remixicon.eot#iefix") format('embedded-opentype'), 
    |         ^
  5 |   url("../fonts/remixicon.woff2") format("woff2"), 
  6 |   url("../fonts/remixicon.woff") format("woff"), 
  7 |   url("../fonts/remixicon.ttf") format('truetype'), 



Import trace:
  Client Component Browser:
    ./Documents/crawlerwebsite/sprazo-nextjs/src/styles/remixicon.css [Client Component Browser]
    ./Documents/crawlerwebsite/sprazo-nextjs/src/app/layout.js [Server Component]

https://nextjs.org/docs/messages/module-not-found


./Documents/crawlerwebsite/sprazo-nextjs/src/styles/remixicon.css:5:9
Module not found: Can't resolve '../fonts/remixicon.eot'
  3 |   src: url("../fonts/remixicon.eot"); /* IE9*/
  4 |   src: url("../fonts/remixicon.eot#iefix") format('embedded-opentype'), 
> 5 |   url("../fonts/remixicon.woff2") format("woff2"), 
    |         ^
  6 |   url("../fonts/remixicon.woff") format("woff"), 
  7 |   url("../fonts/remixicon.ttf") format('truetype'), 
  8 |   url("../fonts/remixicon.svg#remixicon") format('svg'); /* iOS 4.1- */



Import trace:
  Client Component Browser:
    ./Documents/crawlerwebsite/sprazo-nextjs/src/styles/remixicon.css [Client Component Browser]
    ./Documents/crawlerwebsite/sprazo-nextjs/src/app/layout.js [Server Component]

https://nextjs.org/docs/messages/module-not-found


./Documents/crawlerwebsite/sprazo-nextjs/src/styles/remixicon.css:9:4
Module not found: Can't resolve '../fonts/remixicon.svg'
   7 |   url("../fonts/remixicon.ttf") format('truetype'), 
   8 |   url("../fonts/remixicon.svg#remixicon") format('svg'); /* iOS 4.1- */
>  9 | }
     |  ^
  10 | [class^="ri-"],
  11 | [class*=" ri-"] {
  12 |   font-family: 'remixicon' !important;



Import trace:
  Client Component Browser:
    ./Documents/crawlerwebsite/sprazo-nextjs/src/styles/remixicon.css [Client Component Browser]
    ./Documents/crawlerwebsite/sprazo-nextjs/src/app/layout.js [Server Component]

https://nextjs.org/docs/messages/module-not-found


./Documents/crawlerwebsite/sprazo-nextjs/src/styles/remixicon.css:8:4
Module not found: Can't resolve '../fonts/remixicon.ttf'
   6 |   url("../fonts/remixicon.woff") format("woff"), 
   7 |   url("../fonts/remixicon.ttf") format('truetype'), 
>  8 |   url("../fonts/remixicon.svg#remixicon") format('svg'); /* iOS 4.1- */
     |    ^
   9 | }
  10 | [class^="ri-"],
  11 | [class*=" ri-"] {



Import trace:
  Client Component Browser:
    ./Documents/crawlerwebsite/sprazo-nextjs/src/styles/remixicon.css [Client Component Browser]
    ./Documents/crawlerwebsite/sprazo-nextjs/src/app/layout.js [Server Component]

https://nextjs.org/docs/messages/module-not-found


./Documents/crawlerwebsite/sprazo-nextjs/src/styles/remixicon.css:7:4
Module not found: Can't resolve '../fonts/remixicon.woff'
   5 |   url("../fonts/remixicon.woff2") format("woff2"), 
   6 |   url("../fonts/remixicon.woff") format("woff"), 
>  7 |   url("../fonts/remixicon.ttf") format('truetype'), 
     |    ^
   8 |   url("../fonts/remixicon.svg#remixicon") format('svg'); /* iOS 4.1- */
   9 | }
  10 | [class^="ri-"],



Import trace:
  Client Component Browser:
    ./Documents/crawlerwebsite/sprazo-nextjs/src/styles/remixicon.css [Client Component Browser]
    ./Documents/crawlerwebsite/sprazo-nextjs/src/app/layout.js [Server Component]

https://nextjs.org/docs/messages/module-not-found


./Documents/crawlerwebsite/sprazo-nextjs/src/styles/remixicon.css:6:4
Module not found: Can't resolve '../fonts/remixicon.woff2'
  4 |   src: url("../fonts/remixicon.eot#iefix") format('embedded-opentype'), 
  5 |   url("../fonts/remixicon.woff2") format("woff2"), 
> 6 |   url("../fonts/remixicon.woff") format("woff"), 
    |    ^
  7 |   url("../fonts/remixicon.ttf") format('truetype'), 
  8 |   url("../fonts/remixicon.svg#remixicon") format('svg'); /* iOS 4.1- */
  9 | }



Import trace:
  Client Component Browser:
    ./Documents/crawlerwebsite/sprazo-nextjs/src/styles/remixicon.css [Client Component Browser]
    ./Documents/crawlerwebsite/sprazo-nextjs/src/app/layout.js [Server Component]

https://nextjs.org/docs/messages/module-not-found


./Documents/crawlerwebsite/sprazo-nextjs/src/styles/owl.carousel.min.css:7:2607
Module not found: Can't resolve '../images/owl.video.play.png'
  5 |  */
  6 | .owl-carousel,.owl-carousel .owl-item{-webkit-tap-highlight-color:transparent;position:relative}.owl-carousel{display:none;width:100%;z-index:1}.owl-carousel .owl-stage{position:relative;-ms-touch-action:pan-Y;touch-action:manipulation;-moz-backface-visibility:hidden}.owl-carousel .owl-stage:after{content:".";display:block;clear:both;visibility:hidden;line-height:0;height:0}.owl-carousel .owl-stage-outer{position:relative;overflow:hidden;-webkit-transform:translate3d(0,0,0)}.owl-carousel .owl-item,.owl-carousel .owl-wrapper{-webkit-backface-visibility:hidden;-moz-backface-visibility:hidden;-ms-backface-visibility:hidden;-webkit-transform:translate3d(0,0,0);-moz-transform:translate3d(0,0,0);-ms-transform:translate3d(0,0,0)}.owl-carousel .owl-item{min-height:1px;float:left;-webkit-backface-visibility:hidden;-webkit-touch-callout:none}.owl-carousel .owl-item img{display:block;width:100%}.owl-carousel .owl-dots.disabled,.owl-carousel .owl-nav.disabled{display:none}.no-js .owl-carousel,.owl-carousel.owl-loaded{display:block}.owl-carousel .owl-dot,.owl-carousel .owl-nav .owl-next,.owl-carousel .owl-nav .owl-prev{cursor:pointer;-webkit-user-select:none;-khtml-user-select:none;-moz-user-select:none;-ms-user-select:none;user-select:none}.owl-carousel .owl-nav button.owl-next,.owl-carousel .owl-nav button.owl-prev,.owl-carousel button.owl-dot{background:0 0;color:inherit;border:none;padding:0!important;font:inherit}.owl-carousel.owl-loading{opacity:0;display:block}.owl-carousel.owl-hidden{opacity:0}.owl-carousel.owl-refresh .owl-item{visibility:hidden}.owl-carousel.owl-drag .owl-item{-ms-touch-action:pan-y;touch-action:pan-y;-webkit-user-select:none;-moz-user-select:none;-ms-user-select:none;user-select:none}.owl-carousel.owl-grab{cursor:move;cursor:grab}.owl-carousel.owl-rtl{direction:rtl}.owl-carousel.owl-rtl .owl-item{float:right}.owl-carousel .animated{animation-duration:1s;animation-fill-mode:both}.owl-carousel .owl-animated-in{z-index:0}.owl-carousel .owl-animated-out{z-index:1}.owl-carousel .fadeOut{animation-name:fadeOut}@keyframes fadeOut{0%{opacity:1}100%{opacity:0}}.owl-height{transition:height .5s ease-in-out}.owl-carousel .owl-item .owl-lazy{opacity:0;transition:opacity .4s ease}.owl-carousel .owl-item .owl-lazy:not([src]),.owl-carousel .owl-item .owl-lazy[src^=""]{max-height:0}.owl-carousel .owl-item img.owl-lazy{transform-style:preserve-3d}.owl-carousel .owl-video-wrapper{position:relative;height:100%;background:#000}.owl-carousel .owl-video-play-icon{position:absolute;height:80px;width:80px;left:50%;top:50%;margin-left:-40px;margin-top:-40px;background:url(../images/owl.video.play.png) no-repeat;cursor:pointer;z-index:1;-webkit-backface-visibility:hidden;transition:transform .1s ease}.owl-carousel .owl-video-play-icon:hover{-ms-transform:scale(1.3,1.3);transform:scale(1.3,1.3)}.owl-carousel .owl-video-playing .owl-video-play-icon,.owl-carousel .owl-video-playing .owl-video-tn{display:none}.owl-carousel .owl-video-tn{opacity:0;height:100%;background-position:center center;background-repeat:no-repeat;background-size:contain;transition:opacity .4s ease}.owl-carousel .owl-video-frame{position:relative;z-index:1;height:100%;width:100%}



Import trace:
  Client Component Browser:
    ./Documents/crawlerwebsite/sprazo-nextjs/src/styles/owl.carousel.min.css [Client Component Browser]
    ./Documents/crawlerwebsite/sprazo-nextjs/src/app/layout.js [Server Component]

https://nextjs.org/docs/messages/module-not-found


    at <unknown> (./Documents/crawlerwebsite/sprazo-nextjs/src/styles/demo-2.css:1559:81)
    at <unknown> (./Documents/crawlerwebsite/sprazo-nextjs/src/styles/style.css:2524:79)
    at <unknown> (./Documents/crawlerwebsite/sprazo-nextjs/src/styles/remixicon.css:4:9)
    at <unknown> (https://nextjs.org/docs/messages/module-not-found)
    at <unknown> (./Documents/crawlerwebsite/sprazo-nextjs/src/styles/remixicon.css:5:9)
    at <unknown> (https://nextjs.org/docs/messages/module-not-found)
    at <unknown> (./Documents/crawlerwebsite/sprazo-nextjs/src/styles/remixicon.css:9:4)
    at <unknown> (https://nextjs.org/docs/messages/module-not-found)
    at <unknown> (./Documents/crawlerwebsite/sprazo-nextjs/src/styles/remixicon.css:8:4)
    at <unknown> (https://nextjs.org/docs/messages/module-not-found)
    at <unknown> (./Documents/crawlerwebsite/sprazo-nextjs/src/styles/remixicon.css:7:4)
    at <unknown> (https://nextjs.org/docs/messages/module-not-found)
    at <unknown> (./Documents/crawlerwebsite/sprazo-nextjs/src/styles/remixicon.css:6:4)
    at <unknown> (https://nextjs.org/docs/messages/module-not-found)
    at <unknown> (./Documents/crawlerwebsite/sprazo-nextjs/src/styles/owl.carousel.min.css:7:2607)
    at <unknown> (https://nextjs.org/docs/messages/module-not-found)
